
> evolution-frontend-os@0.1.0 dev
> next dev --turbopack -p 3000

▲ Next.js 16.1.6 (Turbopack)
- Local:         http://localhost:3000
- Network:       http://192.168.123.34:3000
- Environments: .env

✓ Starting...
✓ Ready in 843ms
 GET /dashboard 200 in 596ms (compile: 423ms, render: 172ms)
 GET /dashboard 200 in 35ms (compile: 12ms, render: 23ms)
 GET /dashboard 200 in 28ms (compile: 9ms, render: 19ms)
 GET /productos 200 in 699ms (compile: 684ms, render: 15ms)
 GET /compras 200 in 64ms (compile: 52ms, render: 12ms)
 GET /inventario 200 in 39ms (compile: 28ms, render: 11ms)
 GET /inventario 200 in 29ms (compile: 10ms, render: 19ms)
 GET /dashboard 200 in 27ms (compile: 8ms, render: 19ms)
 GET /inventario 200 in 18ms (compile: 5ms, render: 13ms)
 GET /inventario/lotes 200 in 278ms (compile: 269ms, render: 9ms)
 GET /inventario/movimientos 200 in 303ms (compile: 293ms, render: 10ms)
 GET /inventario 200 in 26ms (compile: 7ms, render: 19ms)
 GET /inventario/ajustes/nuevo 200 in 262ms (compile: 244ms, render: 19ms)
 GET /proveedores 200 in 364ms (compile: 350ms, render: 13ms)
 GET /erp/ventas 200 in 236ms (compile: 226ms, render: 9ms)
 GET /ventas/pos 200 in 306ms (compile: 297ms, render: 9ms)
 GET /trafico 200 in 395ms (compile: 376ms, render: 18ms)
 GET /clientes 200 in 204ms (compile: 195ms, render: 9ms)
 GET /contabilidad 200 in 492ms (compile: 482ms, render: 10ms)
 GET /historial 200 in 243ms (compile: 235ms, render: 8ms)
 GET /reportes 200 in 229ms (compile: 221ms, render: 8ms)
 GET /productos 200 in 19ms (compile: 5ms, render: 14ms)
 GET /productos/nuevo 200 in 219ms (compile: 202ms, render: 18ms)
 GET /productos 200 in 19ms (compile: 6ms, render: 13ms)
✓ Compiled in 510ms
✓ Compiled in 94ms
✓ Compiled in 188ms
 GET /productos 200 in 204ms (compile: 172ms, render: 32ms)
 GET /productos 200 in 68ms (compile: 1636µs, render: 66ms)
 GET /productos 200 in 116ms (compile: 3ms, render: 113ms)
 GET /productos 200 in 106ms (compile: 3ms, render: 103ms)
 GET /productos 200 in 93ms (compile: 8ms, render: 84ms)
 GET /productos 200 in 52ms (compile: 6ms, render: 45ms)
 GET /productos 200 in 56ms (compile: 2ms, render: 54ms)
 GET /productos 200 in 51ms (compile: 2ms, render: 49ms)
 GET /productos 200 in 53ms (compile: 3ms, render: 50ms)
 GET /productos 200 in 49ms (compile: 2ms, render: 47ms)
 GET /productos 200 in 54ms (compile: 1975µs, render: 52ms)
 GET /productos 200 in 53ms (compile: 2ms, render: 51ms)
 GET /productos 200 in 52ms (compile: 1502µs, render: 50ms)
 GET /productos 200 in 53ms (compile: 4ms, render: 49ms)
 GET /productos 200 in 63ms (compile: 2ms, render: 60ms)
 GET /productos 200 in 64ms (compile: 1524µs, render: 63ms)
 GET /productos 200 in 69ms (compile: 1502µs, render: 68ms)
 GET /productos 200 in 70ms (compile: 3ms, render: 68ms)
 GET /productos 200 in 62ms (compile: 4ms, render: 58ms)
 GET /productos 200 in 61ms (compile: 7ms, render: 54ms)
 GET /productos 200 in 55ms (compile: 2ms, render: 52ms)
 GET /productos 200 in 54ms (compile: 2ms, render: 51ms)
 GET /productos 200 in 54ms (compile: 3ms, render: 51ms)
 GET /productos 200 in 51ms (compile: 2ms, render: 49ms)
 GET /productos 200 in 51ms (compile: 1692µs, render: 49ms)
 GET /productos 200 in 50ms (compile: 3ms, render: 48ms)
 GET /productos 200 in 51ms (compile: 3ms, render: 48ms)
 GET /productos 200 in 76ms (compile: 1966µs, render: 74ms)
 GET /productos 200 in 79ms (compile: 3ms, render: 77ms)
 GET /productos 200 in 78ms (compile: 1669µs, render: 77ms)
 GET /productos 200 in 72ms (compile: 4ms, render: 68ms)
 GET /productos 200 in 48ms (compile: 1477µs, render: 46ms)
 GET /productos 200 in 49ms (compile: 2ms, render: 47ms)
 GET /productos 200 in 48ms (compile: 1468µs, render: 46ms)
 GET /productos 200 in 47ms (compile: 3ms, render: 44ms)
 GET /productos 200 in 50ms (compile: 1842µs, render: 48ms)
 GET /productos 200 in 52ms (compile: 3ms, render: 49ms)
 GET /productos 200 in 65ms (compile: 1927µs, render: 63ms)
 GET /productos 200 in 59ms (compile: 1425µs, render: 57ms)
 GET /productos 200 in 56ms (compile: 1974µs, render: 54ms)
 GET /productos 200 in 68ms (compile: 4ms, render: 64ms)
 GET /productos 200 in 67ms (compile: 1572µs, render: 65ms)
 GET /productos 200 in 65ms (compile: 3ms, render: 63ms)
 GET /productos 200 in 69ms (compile: 2ms, render: 66ms)
 GET /productos 200 in 66ms (compile: 2ms, render: 64ms)
 GET /productos 200 in 65ms (compile: 1923µs, render: 63ms)
 GET /productos 200 in 68ms (compile: 3ms, render: 64ms)
 GET /productos 200 in 72ms (compile: 4ms, render: 67ms)
 GET /productos 200 in 63ms (compile: 3ms, render: 60ms)
 GET /productos 200 in 65ms (compile: 3ms, render: 62ms)
 GET /productos 200 in 64ms (compile: 2ms, render: 62ms)
 GET /productos 200 in 59ms (compile: 3ms, render: 55ms)
 GET /productos 200 in 68ms (compile: 4ms, render: 64ms)
 GET /productos 200 in 75ms (compile: 4ms, render: 71ms)
 GET /productos 200 in 83ms (compile: 3ms, render: 80ms)
 GET /productos 200 in 83ms (compile: 7ms, render: 76ms)
 GET /productos 200 in 69ms (compile: 2ms, render: 66ms)
 GET /productos 200 in 46ms (compile: 3ms, render: 43ms)
 GET /productos 200 in 55ms (compile: 3ms, render: 52ms)
 GET /productos 200 in 76ms (compile: 1641µs, render: 75ms)
 GET /productos 200 in 72ms (compile: 3ms, render: 69ms)
 GET /productos 200 in 59ms (compile: 3ms, render: 56ms)
 GET /productos 200 in 51ms (compile: 3ms, render: 49ms)
 GET /productos 200 in 39ms (compile: 1597µs, render: 38ms)
 GET /productos 200 in 38ms (compile: 1189µs, render: 37ms)
 GET /productos 200 in 48ms (compile: 2ms, render: 46ms)
 GET /productos 200 in 61ms (compile: 1486µs, render: 59ms)
 GET /productos 200 in 68ms (compile: 1548µs, render: 66ms)
 GET /productos 200 in 75ms (compile: 1372µs, render: 73ms)
 GET /productos 200 in 70ms (compile: 5ms, render: 65ms)
 GET /productos 200 in 60ms (compile: 2ms, render: 58ms)
 GET /productos 200 in 55ms (compile: 3ms, render: 52ms)
 GET /productos 200 in 49ms (compile: 3ms, render: 46ms)
 GET /productos 200 in 47ms (compile: 2ms, render: 45ms)
 GET /productos 200 in 47ms (compile: 1526µs, render: 45ms)
 GET /productos 200 in 48ms (compile: 1542µs, render: 46ms)
 GET /productos 200 in 46ms (compile: 2ms, render: 44ms)
 GET /productos 200 in 45ms (compile: 4ms, render: 41ms)
 GET /productos 200 in 42ms (compile: 2ms, render: 39ms)
 GET /productos 200 in 40ms (compile: 1712µs, render: 38ms)
 GET /productos 200 in 41ms (compile: 1867µs, render: 39ms)
 GET /productos 200 in 42ms (compile: 1290µs, render: 41ms)
 GET /productos 200 in 42ms (compile: 1240µs, render: 41ms)
 GET /productos 200 in 43ms (compile: 1244µs, render: 42ms)
 GET /productos 200 in 43ms (compile: 1595µs, render: 42ms)
 GET /productos 200 in 42ms (compile: 1460µs, render: 41ms)
 GET /productos 200 in 44ms (compile: 1102µs, render: 43ms)
 GET /productos 200 in 43ms (compile: 2ms, render: 41ms)
 GET /productos 200 in 45ms (compile: 1593µs, render: 43ms)
 GET /productos 200 in 49ms (compile: 1136µs, render: 48ms)
 GET /productos 200 in 50ms (compile: 1309µs, render: 49ms)
 GET /productos 200 in 54ms (compile: 1778µs, render: 52ms)
 GET /productos 200 in 53ms (compile: 3ms, render: 50ms)
 GET /productos 200 in 55ms (compile: 3ms, render: 52ms)
 GET /productos 200 in 62ms (compile: 2ms, render: 60ms)
 GET /productos 200 in 66ms (compile: 1695µs, render: 64ms)
 GET /productos 200 in 65ms (compile: 3ms, render: 62ms)
 GET /productos 200 in 53ms (compile: 4ms, render: 49ms)
 GET /productos 200 in 44ms (compile: 3ms, render: 41ms)
 GET /productos 200 in 61ms (compile: 2ms, render: 58ms)
 GET /productos 200 in 61ms (compile: 4ms, render: 58ms)
 GET /productos 200 in 64ms (compile: 2ms, render: 62ms)
 GET /productos 200 in 61ms (compile: 4ms, render: 58ms)
 GET /productos 200 in 53ms (compile: 1857µs, render: 51ms)
 GET /productos 200 in 62ms (compile: 3ms, render: 59ms)
 GET /productos 200 in 59ms (compile: 2ms, render: 57ms)
 GET /productos 200 in 49ms (compile: 2ms, render: 47ms)
 GET /productos 200 in 59ms (compile: 3ms, render: 56ms)
 GET /productos 200 in 50ms (compile: 2ms, render: 48ms)
 GET /productos 200 in 39ms (compile: 1973µs, render: 37ms)
 GET /productos 200 in 49ms (compile: 1343µs, render: 48ms)
 GET /productos 200 in 39ms (compile: 2ms, render: 37ms)
 GET /productos 200 in 35ms (compile: 2ms, render: 32ms)
 GET /productos 200 in 40ms (compile: 1543µs, render: 38ms)
 GET /productos 200 in 51ms (compile: 3ms, render: 49ms)
 GET /productos 200 in 41ms (compile: 2ms, render: 39ms)
 GET /productos 200 in 50ms (compile: 4ms, render: 46ms)
 GET /productos 200 in 37ms (compile: 1771µs, render: 35ms)
 GET /productos 200 in 44ms (compile: 1950µs, render: 42ms)
 GET /productos 200 in 39ms (compile: 2ms, render: 37ms)
 GET /productos 200 in 36ms (compile: 1339µs, render: 35ms)
 GET /productos 200 in 35ms (compile: 1617µs, render: 34ms)
 GET /productos 200 in 27ms (compile: 1154µs, render: 26ms)
 GET /productos 200 in 27ms (compile: 1132µs, render: 26ms)
 GET /productos 200 in 25ms (compile: 1337µs, render: 24ms)
 GET /productos 200 in 34ms (compile: 1438µs, render: 32ms)
 GET /productos 200 in 34ms (compile: 1210µs, render: 33ms)
 GET /productos 200 in 34ms (compile: 1365µs, render: 32ms)
 GET /productos 200 in 35ms (compile: 1081µs, render: 34ms)
 GET /productos 200 in 37ms (compile: 1104µs, render: 36ms)
 GET /productos 200 in 39ms (compile: 917µs, render: 38ms)
 GET /productos 200 in 40ms (compile: 1326µs, render: 38ms)
 GET /productos 200 in 40ms (compile: 1613µs, render: 38ms)
 GET /productos 200 in 37ms (compile: 1293µs, render: 36ms)
 GET /productos 200 in 28ms (compile: 1361µs, render: 27ms)
 GET /productos 200 in 28ms (compile: 1124µs, render: 27ms)
 GET /productos 200 in 34ms (compile: 1359µs, render: 33ms)
 GET /productos 200 in 35ms (compile: 1349µs, render: 33ms)
 GET /productos 200 in 35ms (compile: 1514µs, render: 33ms)
 GET /productos 200 in 36ms (compile: 941µs, render: 35ms)
 GET /productos 200 in 26ms (compile: 1173µs, render: 25ms)
 GET /productos 200 in 37ms (compile: 1140µs, render: 36ms)
 GET /productos 200 in 37ms (compile: 1317µs, render: 36ms)
 GET /productos 200 in 37ms (compile: 1316µs, render: 35ms)
 GET /productos 200 in 36ms (compile: 1339µs, render: 34ms)
 GET /productos 200 in 27ms (compile: 1411µs, render: 25ms)
 GET /productos 200 in 34ms (compile: 1054µs, render: 33ms)
 GET /productos 200 in 34ms (compile: 1150µs, render: 33ms)
 GET /productos 200 in 35ms (compile: 1195µs, render: 34ms)
 GET /productos 200 in 27ms (compile: 1198µs, render: 26ms)
 GET /productos 200 in 36ms (compile: 923µs, render: 35ms)
 GET /productos 200 in 36ms (compile: 1267µs, render: 35ms)
 GET /productos 200 in 37ms (compile: 1284µs, render: 36ms)
 GET /productos 200 in 36ms (compile: 1145µs, render: 35ms)
 GET /productos 200 in 37ms (compile: 1064µs, render: 36ms)
 GET /productos 200 in 38ms (compile: 1207µs, render: 37ms)
 GET /productos 200 in 39ms (compile: 1565µs, render: 38ms)
 GET /productos 200 in 40ms (compile: 1227µs, render: 38ms)
 GET /productos 200 in 42ms (compile: 1563µs, render: 40ms)
 GET /productos 200 in 41ms (compile: 1605µs, render: 40ms)
 GET /productos 200 in 40ms (compile: 2ms, render: 38ms)
 GET /productos 200 in 39ms (compile: 1223µs, render: 38ms)
 GET /productos 200 in 36ms (compile: 1563µs, render: 35ms)
 GET /productos 200 in 36ms (compile: 1422µs, render: 35ms)
 GET /productos 200 in 36ms (compile: 1719µs, render: 34ms)
 GET /productos 200 in 35ms (compile: 1401µs, render: 34ms)
 GET /productos 200 in 37ms (compile: 1100µs, render: 36ms)
 GET /productos 200 in 37ms (compile: 1739µs, render: 35ms)
 GET /productos 200 in 36ms (compile: 1335µs, render: 35ms)
 GET /productos 200 in 28ms (compile: 1726µs, render: 26ms)
 GET /productos 200 in 20ms (compile: 2ms, render: 18ms)
 GET /productos 200 in 12ms (compile: 1144µs, render: 10ms)
✓ Compiled in 85ms
✓ Compiled in 132ms
✓ Compiled in 150ms
 GET /trafico 200 in 127ms (compile: 97ms, render: 29ms)
 GET /trafico/dmc/nuevo 200 in 402ms (compile: 391ms, render: 11ms)
✓ Compiled in 192ms
 GET /dashboard 200 in 134ms (compile: 105ms, render: 29ms)
 GET /productos 200 in 124ms (compile: 101ms, render: 23ms)
