[32m[Nest] 24008  - [39m03/17/2026, 3:36:45 PM [32m    LOG[39m [38;5;3m[NestFactory] [39m[32mStarting Nest application...[39m
[32m[Nest] 24008  - [39m03/17/2026, 3:36:45 PM [32m    LOG[39m [38;5;3m[InstanceLoader] [39m[32mPassportModule dependencies initialized[39m[38;5;3m +12ms[39m
[32m[Nest] 24008  - [39m03/17/2026, 3:36:45 PM [32m    LOG[39m [38;5;3m[InstanceLoader] [39m[32mConfigHostModule dependencies initialized[39m[38;5;3m +17ms[39m
[32m[Nest] 24008  - [39m03/17/2026, 3:36:45 PM [32m    LOG[39m [38;5;3m[InstanceLoader] [39m[32mAppModule dependencies initialized[39m[38;5;3m +3ms[39m
[32m[Nest] 24008  - [39m03/17/2026, 3:36:45 PM [32m    LOG[39m [38;5;3m[InstanceLoader] [39m[32mConfigModule dependencies initialized[39m[38;5;3m +0ms[39m
[32m[Nest] 24008  - [39m03/17/2026, 3:36:45 PM [32m    LOG[39m [38;5;3m[InstanceLoader] [39m[32mConfigModule dependencies initialized[39m[38;5;3m +0ms[39m
[32m[Nest] 24008  - [39m03/17/2026, 3:36:45 PM [32m    LOG[39m [38;5;3m[InstanceLoader] [39m[32mStorageModule dependencies initialized[39m[38;5;3m +1ms[39m
[32m[Nest] 24008  - [39m03/17/2026, 3:36:45 PM [32m    LOG[39m [38;5;3m[InstanceLoader] [39m[32mStockModule dependencies initialized[39m[38;5;3m +0ms[39m
[32m[Nest] 24008  - [39m03/17/2026, 3:36:45 PM [32m    LOG[39m [38;5;3m[InstanceLoader] [39m[32mWarehousesModule dependencies initialized[39m[38;5;3m +0ms[39m
[32m[Nest] 24008  - [39m03/17/2026, 3:36:45 PM [32m    LOG[39m [38;5;3m[InstanceLoader] [39m[32mSettingsModule dependencies initialized[39m[38;5;3m +0ms[39m
[32m[Nest] 24008  - [39m03/17/2026, 3:36:45 PM [32m    LOG[39m [38;5;3m[InstanceLoader] [39m[32mJwtModule dependencies initialized[39m[38;5;3m +0ms[39m
[32m[Nest] 24008  - [39m03/17/2026, 3:36:45 PM [32m    LOG[39m [38;5;3m[InstanceLoader] [39m[32mSuppliersModule dependencies initialized[39m[38;5;3m +1ms[39m
[32m[Nest] 24008  - [39m03/17/2026, 3:36:45 PM [32m    LOG[39m [38;5;3m[InstanceLoader] [39m[32mClientsModule dependencies initialized[39m[38;5;3m +0ms[39m
[32m[Nest] 24008  - [39m03/17/2026, 3:36:45 PM [32m    LOG[39m [38;5;3m[InstanceLoader] [39m[32mAccountingModule dependencies initialized[39m[38;5;3m +0ms[39m
[32m[Nest] 24008  - [39m03/17/2026, 3:36:45 PM [32m    LOG[39m [38;5;3m[InstanceLoader] [39m[32mTrafficModule dependencies initialized[39m[38;5;3m +0ms[39m
[32m[Nest] 24008  - [39m03/17/2026, 3:36:45 PM [32m    LOG[39m [38;5;3m[InstanceLoader] [39m[32mUsersModule dependencies initialized[39m[38;5;3m +0ms[39m
[32m[Nest] 24008  - [39m03/17/2026, 3:36:45 PM [32m    LOG[39m [38;5;3m[InstanceLoader] [39m[32mErpModule dependencies initialized[39m[38;5;3m +0ms[39m
[32m[Nest] 24008  - [39m03/17/2026, 3:36:45 PM [32m    LOG[39m [38;5;3m[InstanceLoader] [39m[32mTransfersModule dependencies initialized[39m[38;5;3m +0ms[39m
[32m[Nest] 24008  - [39m03/17/2026, 3:36:45 PM [32m    LOG[39m [38;5;3m[InstanceLoader] [39m[32mAdjustmentsModule dependencies initialized[39m[38;5;3m +0ms[39m
[32m[Nest] 24008  - [39m03/17/2026, 3:36:45 PM [32m    LOG[39m [38;5;3m[InstanceLoader] [39m[32mPaymentsModule dependencies initialized[39m[38;5;3m +0ms[39m
[32m[Nest] 24008  - [39m03/17/2026, 3:36:45 PM [32m    LOG[39m [38;5;3m[InstanceLoader] [39m[32mProductsModule dependencies initialized[39m[38;5;3m +0ms[39m
[32m[Nest] 24008  - [39m03/17/2026, 3:36:45 PM [32m    LOG[39m [38;5;3m[InstanceLoader] [39m[32mPurchaseOrdersModule dependencies initialized[39m[38;5;3m +0ms[39m
[32m[Nest] 24008  - [39m03/17/2026, 3:36:45 PM [32m    LOG[39m [38;5;3m[InstanceLoader] [39m[32mSalesModule dependencies initialized[39m[38;5;3m +0ms[39m
[32m[Nest] 24008  - [39m03/17/2026, 3:36:45 PM [32m    LOG[39m [38;5;3m[InstanceLoader] [39m[32mReportsModule dependencies initialized[39m[38;5;3m +0ms[39m
[32m[Nest] 24008  - [39m03/17/2026, 3:36:45 PM [32m    LOG[39m [38;5;3m[InstanceLoader] [39m[32mAnalyticsModule dependencies initialized[39m[38;5;3m +0ms[39m
[32m[Nest] 24008  - [39m03/17/2026, 3:36:45 PM [32m    LOG[39m [38;5;3m[InstanceLoader] [39m[32mAuthModule dependencies initialized[39m[38;5;3m +0ms[39m
[32m[Nest] 24008  - [39m03/17/2026, 3:36:45 PM [32m    LOG[39m [38;5;3m[RoutesResolver] [39m[32mAppController {/}:[39m[38;5;3m +2ms[39m
[32m[Nest] 24008  - [39m03/17/2026, 3:36:45 PM [32m    LOG[39m [38;5;3m[RouterExplorer] [39m[32mMapped {/, GET} route[39m[38;5;3m +1ms[39m
[32m[Nest] 24008  - [39m03/17/2026, 3:36:45 PM [32m    LOG[39m [38;5;3m[RoutesResolver] [39m[32mAuthController {/auth}:[39m[38;5;3m +0ms[39m
[32m[Nest] 24008  - [39m03/17/2026, 3:36:45 PM [32m    LOG[39m [38;5;3m[RouterExplorer] [39m[32mMapped {/auth/login, POST} route[39m[38;5;3m +0ms[39m
[32m[Nest] 24008  - [39m03/17/2026, 3:36:45 PM [32m    LOG[39m [38;5;3m[RouterExplorer] [39m[32mMapped {/auth/logout, POST} route[39m[38;5;3m +0ms[39m
[32m[Nest] 24008  - [39m03/17/2026, 3:36:45 PM [32m    LOG[39m [38;5;3m[RouterExplorer] [39m[32mMapped {/auth/logout/:sessionId, POST} route[39m[38;5;3m +1ms[39m
[32m[Nest] 24008  - [39m03/17/2026, 3:36:45 PM [32m    LOG[39m [38;5;3m[RouterExplorer] [39m[32mMapped {/auth/sessions, GET} route[39m[38;5;3m +0ms[39m
[32m[Nest] 24008  - [39m03/17/2026, 3:36:45 PM [32m    LOG[39m [38;5;3m[RouterExplorer] [39m[32mMapped {/auth/logout-all, POST} route[39m[38;5;3m +0ms[39m
[32m[Nest] 24008  - [39m03/17/2026, 3:36:45 PM [32m    LOG[39m [38;5;3m[RouterExplorer] [39m[32mMapped {/auth/me, GET} route[39m[38;5;3m +0ms[39m
[32m[Nest] 24008  - [39m03/17/2026, 3:36:45 PM [32m    LOG[39m [38;5;3m[RoutesResolver] [39m[32mUsersController {/users}:[39m[38;5;3m +0ms[39m
[32m[Nest] 24008  - [39m03/17/2026, 3:36:45 PM [32m    LOG[39m [38;5;3m[RouterExplorer] [39m[32mMapped {/users, GET} route[39m[38;5;3m +0ms[39m
[32m[Nest] 24008  - [39m03/17/2026, 3:36:45 PM [32m    LOG[39m [38;5;3m[RouterExplorer] [39m[32mMapped {/users/:id, GET} route[39m[38;5;3m +0ms[39m
[32m[Nest] 24008  - [39m03/17/2026, 3:36:45 PM [32m    LOG[39m [38;5;3m[RouterExplorer] [39m[32mMapped {/users, POST} route[39m[38;5;3m +1ms[39m
[32m[Nest] 24008  - [39m03/17/2026, 3:36:45 PM [32m    LOG[39m [38;5;3m[RouterExplorer] [39m[32mMapped {/users/:id, PATCH} route[39m[38;5;3m +0ms[39m
[32m[Nest] 24008  - [39m03/17/2026, 3:36:45 PM [32m    LOG[39m [38;5;3m[RouterExplorer] [39m[32mMapped {/users/:id/toggle, PATCH} route[39m[38;5;3m +0ms[39m
[32m[Nest] 24008  - [39m03/17/2026, 3:36:45 PM [32m    LOG[39m [38;5;3m[RouterExplorer] [39m[32mMapped {/users/:id/avatar, POST} route[39m[38;5;3m +0ms[39m
[32m[Nest] 24008  - [39m03/17/2026, 3:36:45 PM [32m    LOG[39m [38;5;3m[RoutesResolver] [39m[32mProductsController {/products}:[39m[38;5;3m +0ms[39m
[32m[Nest] 24008  - [39m03/17/2026, 3:36:45 PM [32m    LOG[39m [38;5;3m[RouterExplorer] [39m[32mMapped {/products, GET} route[39m[38;5;3m +0ms[39m
[32m[Nest] 24008  - [39m03/17/2026, 3:36:45 PM [32m    LOG[39m [38;5;3m[RouterExplorer] [39m[32mMapped {/products/:id, GET} route[39m[38;5;3m +0ms[39m
[32m[Nest] 24008  - [39m03/17/2026, 3:36:45 PM [32m    LOG[39m [38;5;3m[RouterExplorer] [39m[32mMapped {/products/ref/:reference, GET} route[39m[38;5;3m +0ms[39m
[32m[Nest] 24008  - [39m03/17/2026, 3:36:45 PM [32m    LOG[39m [38;5;3m[RouterExplorer] [39m[32mMapped {/products, POST} route[39m[38;5;3m +0ms[39m
[32m[Nest] 24008  - [39m03/17/2026, 3:36:45 PM [32m    LOG[39m [38;5;3m[RouterExplorer] [39m[32mMapped {/products/:id, PATCH} route[39m[38;5;3m +0ms[39m
[32m[Nest] 24008  - [39m03/17/2026, 3:36:45 PM [32m    LOG[39m [38;5;3m[RouterExplorer] [39m[32mMapped {/products/:id, DELETE} route[39m[38;5;3m +0ms[39m
[32m[Nest] 24008  - [39m03/17/2026, 3:36:45 PM [32m    LOG[39m [38;5;3m[RouterExplorer] [39m[32mMapped {/products/:id/image, POST} route[39m[38;5;3m +0ms[39m
[32m[Nest] 24008  - [39m03/17/2026, 3:36:45 PM [32m    LOG[39m [38;5;3m[RoutesResolver] [39m[32mStockController {/stock}:[39m[38;5;3m +0ms[39m
[32m[Nest] 24008  - [39m03/17/2026, 3:36:45 PM [32m    LOG[39m [38;5;3m[RouterExplorer] [39m[32mMapped {/stock, GET} route[39m[38;5;3m +1ms[39m
[32m[Nest] 24008  - [39m03/17/2026, 3:36:45 PM [32m    LOG[39m [38;5;3m[RouterExplorer] [39m[32mMapped {/stock/items, GET} route[39m[38;5;3m +0ms[39m
[32m[Nest] 24008  - [39m03/17/2026, 3:36:45 PM [32m    LOG[39m [38;5;3m[RouterExplorer] [39m[32mMapped {/stock/product/:productId, GET} route[39m[38;5;3m +0ms[39m
[32m[Nest] 24008  - [39m03/17/2026, 3:36:45 PM [32m    LOG[39m [38;5;3m[RouterExplorer] [39m[32mMapped {/stock/product/:productId/aggregate, GET} route[39m[38;5;3m +0ms[39m
[32m[Nest] 24008  - [39m03/17/2026, 3:36:45 PM [32m    LOG[39m [38;5;3m[RouterExplorer] [39m[32mMapped {/stock/warehouse/:warehouseId, GET} route[39m[38;5;3m +0ms[39m
[32m[Nest] 24008  - [39m03/17/2026, 3:36:45 PM [32m    LOG[39m [38;5;3m[RouterExplorer] [39m[32mMapped {/stock/update, POST} route[39m[38;5;3m +0ms[39m
[32m[Nest] 24008  - [39m03/17/2026, 3:36:45 PM [32m    LOG[39m [38;5;3m[RoutesResolver] [39m[32mWarehousesController {/warehouses}:[39m[38;5;3m +0ms[39m
[32m[Nest] 24008  - [39m03/17/2026, 3:36:45 PM [32m    LOG[39m [38;5;3m[RouterExplorer] [39m[32mMapped {/warehouses, GET} route[39m[38;5;3m +0ms[39m
[32m[Nest] 24008  - [39m03/17/2026, 3:36:45 PM [32m    LOG[39m [38;5;3m[RouterExplorer] [39m[32mMapped {/warehouses/:id, GET} route[39m[38;5;3m +0ms[39m
[32m[Nest] 24008  - [39m03/17/2026, 3:36:45 PM [32m    LOG[39m [38;5;3m[RouterExplorer] [39m[32mMapped {/warehouses, POST} route[39m[38;5;3m +0ms[39m
[32m[Nest] 24008  - [39m03/17/2026, 3:36:45 PM [32m    LOG[39m [38;5;3m[RouterExplorer] [39m[32mMapped {/warehouses/:id/set-main, PATCH} route[39m[38;5;3m +0ms[39m
[32m[Nest] 24008  - [39m03/17/2026, 3:36:45 PM [32m    LOG[39m [38;5;3m[RouterExplorer] [39m[32mMapped {/warehouses/:id, PATCH} route[39m[38;5;3m +0ms[39m
[32m[Nest] 24008  - [39m03/17/2026, 3:36:45 PM [32m    LOG[39m [38;5;3m[RouterExplorer] [39m[32mMapped {/warehouses/:id, DELETE} route[39m[38;5;3m +0ms[39m
[32m[Nest] 24008  - [39m03/17/2026, 3:36:45 PM [32m    LOG[39m [38;5;3m[RoutesResolver] [39m[32mAdjustmentsController {/adjustments}:[39m[38;5;3m +0ms[39m
[32m[Nest] 24008  - [39m03/17/2026, 3:36:45 PM [32m    LOG[39m [38;5;3m[RouterExplorer] [39m[32mMapped {/adjustments, POST} route[39m[38;5;3m +0ms[39m
[32m[Nest] 24008  - [39m03/17/2026, 3:36:45 PM [32m    LOG[39m [38;5;3m[RouterExplorer] [39m[32mMapped {/adjustments, GET} route[39m[38;5;3m +0ms[39m
[32m[Nest] 24008  - [39m03/17/2026, 3:36:45 PM [32m    LOG[39m [38;5;3m[RouterExplorer] [39m[32mMapped {/adjustments/:id, GET} route[39m[38;5;3m +0ms[39m
[32m[Nest] 24008  - [39m03/17/2026, 3:36:45 PM [32m    LOG[39m [38;5;3m[RouterExplorer] [39m[32mMapped {/adjustments/:id/status, PATCH} route[39m[38;5;3m +0ms[39m
[32m[Nest] 24008  - [39m03/17/2026, 3:36:45 PM [32m    LOG[39m [38;5;3m[RoutesResolver] [39m[32mAccountingController {/accounting}:[39m[38;5;3m +0ms[39m
[32m[Nest] 24008  - [39m03/17/2026, 3:36:45 PM [32m    LOG[39m [38;5;3m[RouterExplorer] [39m[32mMapped {/accounting/accounts, GET} route[39m[38;5;3m +0ms[39m
[32m[Nest] 24008  - [39m03/17/2026, 3:36:45 PM [32m    LOG[39m [38;5;3m[RouterExplorer] [39m[32mMapped {/accounting/accounts, POST} route[39m[38;5;3m +0ms[39m
[32m[Nest] 24008  - [39m03/17/2026, 3:36:45 PM [32m    LOG[39m [38;5;3m[RouterExplorer] [39m[32mMapped {/accounting/entries, GET} route[39m[38;5;3m +0ms[39m
[32m[Nest] 24008  - [39m03/17/2026, 3:36:45 PM [32m    LOG[39m [38;5;3m[RouterExplorer] [39m[32mMapped {/accounting/entries, POST} route[39m[38;5;3m +0ms[39m
[32m[Nest] 24008  - [39m03/17/2026, 3:36:45 PM [32m    LOG[39m [38;5;3m[RouterExplorer] [39m[32mMapped {/accounting/seed, POST} route[39m[38;5;3m +0ms[39m
[32m[Nest] 24008  - [39m03/17/2026, 3:36:45 PM [32m    LOG[39m [38;5;3m[RoutesResolver] [39m[32mTransfersController {/transfers}:[39m[38;5;3m +0ms[39m
[32m[Nest] 24008  - [39m03/17/2026, 3:36:45 PM [32m    LOG[39m [38;5;3m[RouterExplorer] [39m[32mMapped {/transfers, POST} route[39m[38;5;3m +0ms[39m
[32m[Nest] 24008  - [39m03/17/2026, 3:36:45 PM [32m    LOG[39m [38;5;3m[RouterExplorer] [39m[32mMapped {/transfers, GET} route[39m[38;5;3m +0ms[39m
[32m[Nest] 24008  - [39m03/17/2026, 3:36:45 PM [32m    LOG[39m [38;5;3m[RouterExplorer] [39m[32mMapped {/transfers/:id, GET} route[39m[38;5;3m +1ms[39m
[32m[Nest] 24008  - [39m03/17/2026, 3:36:45 PM [32m    LOG[39m [38;5;3m[RouterExplorer] [39m[32mMapped {/transfers/:id/status, PATCH} route[39m[38;5;3m +0ms[39m
[32m[Nest] 24008  - [39m03/17/2026, 3:36:45 PM [32m    LOG[39m [38;5;3m[RoutesResolver] [39m[32mSuppliersController {/suppliers}:[39m[38;5;3m +0ms[39m
[32m[Nest] 24008  - [39m03/17/2026, 3:36:45 PM [32m    LOG[39m [38;5;3m[RouterExplorer] [39m[32mMapped {/suppliers/cxp/summary, GET} route[39m[38;5;3m +0ms[39m
[32m[Nest] 24008  - [39m03/17/2026, 3:36:45 PM [32m    LOG[39m [38;5;3m[RouterExplorer] [39m[32mMapped {/suppliers, GET} route[39m[38;5;3m +0ms[39m
[32m[Nest] 24008  - [39m03/17/2026, 3:36:45 PM [32m    LOG[39m [38;5;3m[RouterExplorer] [39m[32mMapped {/suppliers/:id, GET} route[39m[38;5;3m +0ms[39m
[32m[Nest] 24008  - [39m03/17/2026, 3:36:45 PM [32m    LOG[39m [38;5;3m[RouterExplorer] [39m[32mMapped {/suppliers/:id/balance, GET} route[39m[38;5;3m +0ms[39m
[32m[Nest] 24008  - [39m03/17/2026, 3:36:45 PM [32m    LOG[39m [38;5;3m[RouterExplorer] [39m[32mMapped {/suppliers/:id/cxp-ledger, GET} route[39m[38;5;3m +0ms[39m
[32m[Nest] 24008  - [39m03/17/2026, 3:36:45 PM [32m    LOG[39m [38;5;3m[RouterExplorer] [39m[32mMapped {/suppliers/cxp/comparison/:poId, GET} route[39m[38;5;3m +0ms[39m
[32m[Nest] 24008  - [39m03/17/2026, 3:36:45 PM [32m    LOG[39m [38;5;3m[RouterExplorer] [39m[32mMapped {/suppliers, POST} route[39m[38;5;3m +0ms[39m
[32m[Nest] 24008  - [39m03/17/2026, 3:36:45 PM [32m    LOG[39m [38;5;3m[RouterExplorer] [39m[32mMapped {/suppliers/:id, PATCH} route[39m[38;5;3m +0ms[39m
[32m[Nest] 24008  - [39m03/17/2026, 3:36:45 PM [32m    LOG[39m [38;5;3m[RouterExplorer] [39m[32mMapped {/suppliers/:id, DELETE} route[39m[38;5;3m +0ms[39m
[32m[Nest] 24008  - [39m03/17/2026, 3:36:45 PM [32m    LOG[39m [38;5;3m[RoutesResolver] [39m[32mPurchaseOrdersController {/purchase-orders}:[39m[38;5;3m +0ms[39m
[32m[Nest] 24008  - [39m03/17/2026, 3:36:45 PM [32m    LOG[39m [38;5;3m[RouterExplorer] [39m[32mMapped {/purchase-orders, GET} route[39m[38;5;3m +0ms[39m
[32m[Nest] 24008  - [39m03/17/2026, 3:36:45 PM [32m    LOG[39m [38;5;3m[RouterExplorer] [39m[32mMapped {/purchase-orders/:id, GET} route[39m[38;5;3m +0ms[39m
[32m[Nest] 24008  - [39m03/17/2026, 3:36:45 PM [32m    LOG[39m [38;5;3m[RouterExplorer] [39m[32mMapped {/purchase-orders, POST} route[39m[38;5;3m +0ms[39m
[32m[Nest] 24008  - [39m03/17/2026, 3:36:45 PM [32m    LOG[39m [38;5;3m[RouterExplorer] [39m[32mMapped {/purchase-orders/:id/status, PATCH} route[39m[38;5;3m +0ms[39m
[32m[Nest] 24008  - [39m03/17/2026, 3:36:45 PM [32m    LOG[39m [38;5;3m[RouterExplorer] [39m[32mMapped {/purchase-orders/:id/receive, POST} route[39m[38;5;3m +0ms[39m
[32m[Nest] 24008  - [39m03/17/2026, 3:36:45 PM [32m    LOG[39m [38;5;3m[RoutesResolver] [39m[32mSalesController {/sales}:[39m[38;5;3m +0ms[39m
[32m[Nest] 24008  - [39m03/17/2026, 3:36:45 PM [32m    LOG[39m [38;5;3m[RouterExplorer] [39m[32mMapped {/sales/pos/register, GET} route[39m[38;5;3m +0ms[39m
[32m[Nest] 24008  - [39m03/17/2026, 3:36:45 PM [32m    LOG[39m [38;5;3m[RouterExplorer] [39m[32mMapped {/sales/pos/register/open, POST} route[39m[38;5;3m +0ms[39m
[32m[Nest] 24008  - [39m03/17/2026, 3:36:45 PM [32m    LOG[39m [38;5;3m[RouterExplorer] [39m[32mMapped {/sales/pos/register/close/:id, POST} route[39m[38;5;3m +0ms[39m
[32m[Nest] 24008  - [39m03/17/2026, 3:36:45 PM [32m    LOG[39m [38;5;3m[RouterExplorer] [39m[32mMapped {/sales/pos/sale, POST} route[39m[38;5;3m +0ms[39m
[32m[Nest] 24008  - [39m03/17/2026, 3:36:45 PM [32m    LOG[39m [38;5;3m[RouterExplorer] [39m[32mMapped {/sales, GET} route[39m[38;5;3m +0ms[39m
[32m[Nest] 24008  - [39m03/17/2026, 3:36:45 PM [32m    LOG[39m [38;5;3m[RouterExplorer] [39m[32mMapped {/sales/:id, GET} route[39m[38;5;3m +1ms[39m
[32m[Nest] 24008  - [39m03/17/2026, 3:36:45 PM [32m    LOG[39m [38;5;3m[RouterExplorer] [39m[32mMapped {/sales/product-history/:productId/:customerId, GET} route[39m[38;5;3m +0ms[39m
[32m[Nest] 24008  - [39m03/17/2026, 3:36:45 PM [32m    LOG[39m [38;5;3m[RouterExplorer] [39m[32mMapped {/sales, POST} route[39m[38;5;3m +0ms[39m
[32m[Nest] 24008  - [39m03/17/2026, 3:36:45 PM [32m    LOG[39m [38;5;3m[RouterExplorer] [39m[32mMapped {/sales/:id/status, PATCH} route[39m[38;5;3m +0ms[39m
[32m[Nest] 24008  - [39m03/17/2026, 3:36:45 PM [32m    LOG[39m [38;5;3m[RouterExplorer] [39m[32mMapped {/sales/quotations, POST} route[39m[38;5;3m +0ms[39m
[32m[Nest] 24008  - [39m03/17/2026, 3:36:45 PM [32m    LOG[39m [38;5;3m[RouterExplorer] [39m[32mMapped {/sales/quotations/:id/approve, POST} route[39m[38;5;3m +0ms[39m
[32m[Nest] 24008  - [39m03/17/2026, 3:36:45 PM [32m    LOG[39m [38;5;3m[RouterExplorer] [39m[32mMapped {/sales/quotations/:id/convert, POST} route[39m[38;5;3m +0ms[39m
[32m[Nest] 24008  - [39m03/17/2026, 3:36:45 PM [32m    LOG[39m [38;5;3m[RouterExplorer] [39m[32mMapped {/sales/:id/approve, POST} route[39m[38;5;3m +0ms[39m
[32m[Nest] 24008  - [39m03/17/2026, 3:36:45 PM [32m    LOG[39m [38;5;3m[RouterExplorer] [39m[32mMapped {/sales/:id/pack, POST} route[39m[38;5;3m +0ms[39m
[32m[Nest] 24008  - [39m03/17/2026, 3:36:45 PM [32m    LOG[39m [38;5;3m[RouterExplorer] [39m[32mMapped {/sales/packing/:id/confirm, POST} route[39m[38;5;3m +0ms[39m
[32m[Nest] 24008  - [39m03/17/2026, 3:36:45 PM [32m    LOG[39m [38;5;3m[RouterExplorer] [39m[32mMapped {/sales/:id/invoice, POST} route[39m[38;5;3m +0ms[39m
[32m[Nest] 24008  - [39m03/17/2026, 3:36:45 PM [32m    LOG[39m [38;5;3m[RoutesResolver] [39m[32mSettingsController {/settings}:[39m[38;5;3m +0ms[39m
[32m[Nest] 24008  - [39m03/17/2026, 3:36:45 PM [32m    LOG[39m [38;5;3m[RouterExplorer] [39m[32mMapped {/settings/commercial-params, GET} route[39m[38;5;3m +0ms[39m
[32m[Nest] 24008  - [39m03/17/2026, 3:36:45 PM [32m    LOG[39m [38;5;3m[RouterExplorer] [39m[32mMapped {/settings/commercial-params, PUT} route[39m[38;5;3m +0ms[39m
[32m[Nest] 24008  - [39m03/17/2026, 3:36:45 PM [32m    LOG[39m [38;5;3m[RouterExplorer] [39m[32mMapped {/settings/document-numbering, GET} route[39m[38;5;3m +0ms[39m
[32m[Nest] 24008  - [39m03/17/2026, 3:36:45 PM [32m    LOG[39m [38;5;3m[RouterExplorer] [39m[32mMapped {/settings/document-numbering/:id, PUT} route[39m[38;5;3m +0ms[39m
[32m[Nest] 24008  - [39m03/17/2026, 3:36:45 PM [32m    LOG[39m [38;5;3m[RoutesResolver] [39m[32mClientsController {/clients}:[39m[38;5;3m +0ms[39m
[32m[Nest] 24008  - [39m03/17/2026, 3:36:45 PM [32m    LOG[39m [38;5;3m[RouterExplorer] [39m[32mMapped {/clients, POST} route[39m[38;5;3m +0ms[39m
[32m[Nest] 24008  - [39m03/17/2026, 3:36:45 PM [32m    LOG[39m [38;5;3m[RouterExplorer] [39m[32mMapped {/clients, GET} route[39m[38;5;3m +0ms[39m
[32m[Nest] 24008  - [39m03/17/2026, 3:36:45 PM [32m    LOG[39m [38;5;3m[RouterExplorer] [39m[32mMapped {/clients/cxc/summary, GET} route[39m[38;5;3m +0ms[39m
[32m[Nest] 24008  - [39m03/17/2026, 3:36:45 PM [32m    LOG[39m [38;5;3m[RouterExplorer] [39m[32mMapped {/clients/:id, GET} route[39m[38;5;3m +0ms[39m
[32m[Nest] 24008  - [39m03/17/2026, 3:36:45 PM [32m    LOG[39m [38;5;3m[RouterExplorer] [39m[32mMapped {/clients/:id/balance, GET} route[39m[38;5;3m +0ms[39m
[32m[Nest] 24008  - [39m03/17/2026, 3:36:45 PM [32m    LOG[39m [38;5;3m[RouterExplorer] [39m[32mMapped {/clients/:id/transactions, GET} route[39m[38;5;3m +1ms[39m
[32m[Nest] 24008  - [39m03/17/2026, 3:36:45 PM [32m    LOG[39m [38;5;3m[RouterExplorer] [39m[32mMapped {/clients/:id, PATCH} route[39m[38;5;3m +0ms[39m
[32m[Nest] 24008  - [39m03/17/2026, 3:36:45 PM [32m    LOG[39m [38;5;3m[RouterExplorer] [39m[32mMapped {/clients/:id, DELETE} route[39m[38;5;3m +0ms[39m
[32m[Nest] 24008  - [39m03/17/2026, 3:36:45 PM [32m    LOG[39m [38;5;3m[RoutesResolver] [39m[32mTrafficController {/traffic}:[39m[38;5;3m +0ms[39m
[32m[Nest] 24008  - [39m03/17/2026, 3:36:45 PM [32m    LOG[39m [38;5;3m[RouterExplorer] [39m[32mMapped {/traffic/expedients, GET} route[39m[38;5;3m +0ms[39m
[32m[Nest] 24008  - [39m03/17/2026, 3:36:45 PM [32m    LOG[39m [38;5;3m[RouterExplorer] [39m[32mMapped {/traffic/expedients/:id, GET} route[39m[38;5;3m +0ms[39m
[32m[Nest] 24008  - [39m03/17/2026, 3:36:45 PM [32m    LOG[39m [38;5;3m[RouterExplorer] [39m[32mMapped {/traffic/expedients, POST} route[39m[38;5;3m +0ms[39m
[32m[Nest] 24008  - [39m03/17/2026, 3:36:45 PM [32m    LOG[39m [38;5;3m[RouterExplorer] [39m[32mMapped {/traffic/expedients/:id/status, PATCH} route[39m[38;5;3m +0ms[39m
[32m[Nest] 24008  - [39m03/17/2026, 3:36:45 PM [32m    LOG[39m [38;5;3m[RouterExplorer] [39m[32mMapped {/traffic/dmc, POST} route[39m[38;5;3m +0ms[39m
[32m[Nest] 24008  - [39m03/17/2026, 3:36:45 PM [32m    LOG[39m [38;5;3m[RouterExplorer] [39m[32mMapped {/traffic/bl, POST} route[39m[38;5;3m +0ms[39m
[32m[Nest] 24008  - [39m03/17/2026, 3:36:45 PM [32m    LOG[39m [38;5;3m[RouterExplorer] [39m[32mMapped {/traffic/stats, GET} route[39m[38;5;3m +0ms[39m
[32m[Nest] 24008  - [39m03/17/2026, 3:36:45 PM [32m    LOG[39m [38;5;3m[RouterExplorer] [39m[32mMapped {/traffic/expedients/from-invoice/:id, POST} route[39m[38;5;3m +1ms[39m
[32m[Nest] 24008  - [39m03/17/2026, 3:36:45 PM [32m    LOG[39m [38;5;3m[RouterExplorer] [39m[32mMapped {/traffic/expedients/:id/prefill-dmc, POST} route[39m[38;5;3m +0ms[39m
[32m[Nest] 24008  - [39m03/17/2026, 3:36:45 PM [32m    LOG[39m [38;5;3m[RouterExplorer] [39m[32mMapped {/traffic/expedients/:id/prefill-bl, POST} route[39m[38;5;3m +0ms[39m
[32m[Nest] 24008  - [39m03/17/2026, 3:36:45 PM [32m    LOG[39m [38;5;3m[RoutesResolver] [39m[32mPaymentsController {/payments}:[39m[38;5;3m +0ms[39m
[32m[Nest] 24008  - [39m03/17/2026, 3:36:45 PM [32m    LOG[39m [38;5;3m[RouterExplorer] [39m[32mMapped {/payments, POST} route[39m[38;5;3m +0ms[39m
[32m[Nest] 24008  - [39m03/17/2026, 3:36:45 PM [32m    LOG[39m [38;5;3m[RouterExplorer] [39m[32mMapped {/payments, GET} route[39m[38;5;3m +0ms[39m
[32m[Nest] 24008  - [39m03/17/2026, 3:36:45 PM [32m    LOG[39m [38;5;3m[RouterExplorer] [39m[32mMapped {/payments/:id, GET} route[39m[38;5;3m +0ms[39m
[32m[Nest] 24008  - [39m03/17/2026, 3:36:45 PM [32m    LOG[39m [38;5;3m[RouterExplorer] [39m[32mMapped {/payments/:id/apply, POST} route[39m[38;5;3m +0ms[39m
[32m[Nest] 24008  - [39m03/17/2026, 3:36:45 PM [32m    LOG[39m [38;5;3m[RouterExplorer] [39m[32mMapped {/payments/:id/apply-vendor, POST} route[39m[38;5;3m +0ms[39m
[32m[Nest] 24008  - [39m03/17/2026, 3:36:45 PM [32m    LOG[39m [38;5;3m[RoutesResolver] [39m[32mAnalyticsController {/analytics}:[39m[38;5;3m +0ms[39m
[32m[Nest] 24008  - [39m03/17/2026, 3:36:45 PM [32m    LOG[39m [38;5;3m[RouterExplorer] [39m[32mMapped {/analytics/dashboard, GET} route[39m[38;5;3m +0ms[39m
[32m[Nest] 24008  - [39m03/17/2026, 3:36:45 PM [32m    LOG[39m [38;5;3m[RoutesResolver] [39m[32mReportsController {/reports}:[39m[38;5;3m +0ms[39m
[32m[Nest] 24008  - [39m03/17/2026, 3:36:45 PM [32m    LOG[39m [38;5;3m[RouterExplorer] [39m[32mMapped {/reports/sales/excel, GET} route[39m[38;5;3m +0ms[39m
[32m[Nest] 24008  - [39m03/17/2026, 3:36:45 PM [32m    LOG[39m [38;5;3m[RouterExplorer] [39m[32mMapped {/reports/inventory/excel, GET} route[39m[38;5;3m +0ms[39m
[32m[Nest] 24008  - [39m03/17/2026, 3:36:45 PM [32m    LOG[39m [38;5;3m[RoutesResolver] [39m[32mInventoryPrismaController {/erp/inventory}:[39m[38;5;3m +0ms[39m
[32m[Nest] 24008  - [39m03/17/2026, 3:36:45 PM [32m    LOG[39m [38;5;3m[RouterExplorer] [39m[32mMapped {/erp/inventory/lots, GET} route[39m[38;5;3m +0ms[39m
[32m[Nest] 24008  - [39m03/17/2026, 3:36:45 PM [32m    LOG[39m [38;5;3m[RouterExplorer] [39m[32mMapped {/erp/inventory/movements, GET} route[39m[38;5;3m +0ms[39m
[32m[Nest] 24008  - [39m03/17/2026, 3:36:45 PM [32m    LOG[39m [38;5;3m[RouterExplorer] [39m[32mMapped {/erp/inventory/lots/:id, GET} route[39m[38;5;3m +0ms[39m
[32m[Nest] 24008  - [39m03/17/2026, 3:36:45 PM [32m    LOG[39m [38;5;3m[RouterExplorer] [39m[32mMapped {/erp/inventory/reservations, GET} route[39m[38;5;3m +0ms[39m
[32m[Nest] 24008  - [39m03/17/2026, 3:36:45 PM [32m    LOG[39m [38;5;3m[RouterExplorer] [39m[32mMapped {/erp/inventory/summary, GET} route[39m[38;5;3m +0ms[39m
[32m[Nest] 24008  - [39m03/17/2026, 3:36:45 PM [32m    LOG[39m [38;5;3m[RoutesResolver] [39m[32mSalesPrismaController {/erp/sales}:[39m[38;5;3m +0ms[39m
[32m[Nest] 24008  - [39m03/17/2026, 3:36:45 PM [32m    LOG[39m [38;5;3m[RouterExplorer] [39m[32mMapped {/erp/sales/quotations, POST} route[39m[38;5;3m +0ms[39m
[32m[Nest] 24008  - [39m03/17/2026, 3:36:45 PM [32m    LOG[39m [38;5;3m[RouterExplorer] [39m[32mMapped {/erp/sales/quotations/:id/convert, POST} route[39m[38;5;3m +0ms[39m
[32m[Nest] 24008  - [39m03/17/2026, 3:36:45 PM [32m    LOG[39m [38;5;3m[RouterExplorer] [39m[32mMapped {/erp/sales/orders/:id/invoice, POST} route[39m[38;5;3m +1ms[39m
[32m[Nest] 24008  - [39m03/17/2026, 3:36:45 PM [32m    LOG[39m [38;5;3m[RouterExplorer] [39m[32mMapped {/erp/sales/orders/:id/dispatch, POST} route[39m[38;5;3m +0ms[39m
[32m[Nest] 24008  - [39m03/17/2026, 3:36:45 PM [32m    LOG[39m [38;5;3m[RouterExplorer] [39m[32mMapped {/erp/sales/orders, GET} route[39m[38;5;3m +0ms[39m
[32m[Nest] 24008  - [39m03/17/2026, 3:36:45 PM [32m    LOG[39m [38;5;3m[RouterExplorer] [39m[32mMapped {/erp/sales/orders/:id, GET} route[39m[38;5;3m +3ms[39m
[32m[Nest] 24008  - [39m03/17/2026, 3:36:45 PM [32m    LOG[39m [38;5;3m[RouterExplorer] [39m[32mMapped {/erp/sales/invoices, GET} route[39m[38;5;3m +0ms[39m
[32m[Nest] 24008  - [39m03/17/2026, 3:36:45 PM [32m    LOG[39m [38;5;3m[RouterExplorer] [39m[32mMapped {/erp/sales/dashboard, GET} route[39m[38;5;3m +0ms[39m
[32m[Nest] 24008  - [39m03/17/2026, 3:36:45 PM [32m    LOG[39m [38;5;3m[RoutesResolver] [39m[32mAccountingPrismaController {/erp/accounting}:[39m[38;5;3m +0ms[39m
[32m[Nest] 24008  - [39m03/17/2026, 3:36:45 PM [32m    LOG[39m [38;5;3m[RouterExplorer] [39m[32mMapped {/erp/accounting/accounts, GET} route[39m[38;5;3m +0ms[39m
[32m[Nest] 24008  - [39m03/17/2026, 3:36:45 PM [32m    LOG[39m [38;5;3m[RouterExplorer] [39m[32mMapped {/erp/accounting/accounts, POST} route[39m[38;5;3m +0ms[39m
[32m[Nest] 24008  - [39m03/17/2026, 3:36:45 PM [32m    LOG[39m [38;5;3m[RouterExplorer] [39m[32mMapped {/erp/accounting/entries, GET} route[39m[38;5;3m +0ms[39m
[32m[Nest] 24008  - [39m03/17/2026, 3:36:45 PM [32m    LOG[39m [38;5;3m[RouterExplorer] [39m[32mMapped {/erp/accounting/entries, POST} route[39m[38;5;3m +0ms[39m
[32m[Nest] 24008  - [39m03/17/2026, 3:36:45 PM [32m    LOG[39m [38;5;3m[RouterExplorer] [39m[32mMapped {/erp/accounting/trial-balance, GET} route[39m[38;5;3m +0ms[39m
[32m[Nest] 24008  - [39m03/17/2026, 3:36:45 PM [32m    LOG[39m [38;5;3m[NestApplication] [39m[32mNest application successfully started[39m[38;5;3m +23ms[39m
[31m[Nest] 24008  - [39m03/17/2026, 3:36:45 PM [31m  ERROR[39m [38;5;3m[NestApplication] [39m[31mError: listen EADDRINUSE: address already in use 0.0.0.0:8002[39m[38;5;3m +2ms[39m
Error: listen EADDRINUSE: address already in use 0.0.0.0:8002
    at Server.setupListenHandle [as _listen2] (node:net:1908:16)
    at listenInCluster (node:net:1965:12)
    at doListen (node:net:2139:7)
    at processTicksAndRejections (node:internal/process/task_queues:83:21) {
  code: 'EADDRINUSE',
  errno: -48,
  syscall: 'listen',
  address: '0.0.0.0',
  port: 8002
}
